0 info it worked if it ends with ok
1 verbose cli [ '/usr/local/bin/node', '/usr/local/bin/npm', 'run', 'prd' ]
2 info using npm@4.0.5
3 info using node@v7.4.0
4 verbose run-script [ 'preprd', 'prd', 'postprd' ]
5 info lifecycle youdescribeapi@1.0.0~preprd: youdescribeapi@1.0.0
6 silly lifecycle youdescribeapi@1.0.0~preprd: no script for preprd, continuing
7 info lifecycle youdescribeapi@1.0.0~prd: youdescribeapi@1.0.0
8 verbose lifecycle youdescribeapi@1.0.0~prd: unsafe-perm in lifecycle true
9 verbose lifecycle youdescribeapi@1.0.0~prd: PATH: /usr/local/lib/node_modules/npm/bin/node-gyp-bin:/Users/rodrigo/Desktop/youdescribe/api/node_modules/.bin:/usr/local/bin:/usr/bin:/bin:/usr/sbin:/sbin:/opt/X11/bin:/Applications/eclipse/android-sdk:/Applications/eclipse/android-sdk/platform-tools/:/Applications/eclipse/android-sdk/tools:/Users/rodrigo/Data/GOOGLE/gsutil
10 verbose lifecycle youdescribeapi@1.0.0~prd: CWD: /Users/rodrigo/Desktop/youdescribe/api
11 silly lifecycle youdescribeapi@1.0.0~prd: Args: [ '-c', 'NODE_ENV=prd node server/index-prd.js' ]
12 silly lifecycle youdescribeapi@1.0.0~prd: Returned: code: 1  signal: null
13 info lifecycle youdescribeapi@1.0.0~prd: Failed to exec prd script
14 verbose stack Error: youdescribeapi@1.0.0 prd: `NODE_ENV=prd node server/index-prd.js`
14 verbose stack Exit status 1
14 verbose stack     at EventEmitter.<anonymous> (/usr/local/lib/node_modules/npm/lib/utils/lifecycle.js:279:16)
14 verbose stack     at emitTwo (events.js:106:13)
14 verbose stack     at EventEmitter.emit (events.js:191:7)
14 verbose stack     at ChildProcess.<anonymous> (/usr/local/lib/node_modules/npm/lib/utils/spawn.js:40:14)
14 verbose stack     at emitTwo (events.js:106:13)
14 verbose stack     at ChildProcess.emit (events.js:191:7)
14 verbose stack     at maybeClose (internal/child_process.js:885:16)
14 verbose stack     at Process.ChildProcess._handle.onexit (internal/child_process.js:226:5)
15 verbose pkgid youdescribeapi@1.0.0
16 verbose cwd /Users/rodrigo/Desktop/youdescribe/api
17 error Darwin 14.4.0
18 error argv "/usr/local/bin/node" "/usr/local/bin/npm" "run" "prd"
19 error node v7.4.0
20 error npm  v4.0.5
21 error code ELIFECYCLE
22 error youdescribeapi@1.0.0 prd: `NODE_ENV=prd node server/index-prd.js`
22 error Exit status 1
23 error Failed at the youdescribeapi@1.0.0 prd script 'NODE_ENV=prd node server/index-prd.js'.
23 error Make sure you have the latest version of node.js and npm installed.
23 error If you do, this is most likely a problem with the youdescribeapi package,
23 error not with npm itself.
23 error Tell the author that this fails on your system:
23 error     NODE_ENV=prd node server/index-prd.js
23 error You can get information on how to open an issue for this project with:
23 error     npm bugs youdescribeapi
23 error Or if that isn't available, you can get their info via:
23 error     npm owner ls youdescribeapi
23 error There is likely additional logging output above.
24 verbose exit [ 1, true ]
